<?xml version="1.0" encoding="UTF-8"?>
<coverage generated="1635250722188" clover="3.2.0">
  <project timestamp="1635250722188" name="All files">
    <metrics statements="19" coveredstatements="5" conditionals="14" coveredconditionals="2" methods="2" coveredmethods="1" elements="35" coveredelements="8" complexity="0" loc="19" ncloc="19" packages="1" files="1" classes="1"/>
    <file name="validators.js" path="/Users/sebastianveum/git/IT2810_groupProject/prosjekt-3/backend/util/validators.js">
      <metrics statements="19" coveredstatements="5" conditionals="14" coveredconditionals="2" methods="2" coveredmethods="1"/>
      <line num="7" count="0" type="stmt"/>
      <line num="8" count="0" type="cond" truecount="0" falsecount="2"/>
      <line num="9" count="0" type="stmt"/>
      <line num="11" count="0" type="cond" truecount="0" falsecount="2"/>
      <line num="12" count="0" type="stmt"/>
      <line num="14" count="0" type="stmt"/>
      <line num="15" count="0" type="cond" truecount="0" falsecount="2"/>
      <line num="16" count="0" type="stmt"/>
      <line num="19" count="0" type="cond" truecount="0" falsecount="2"/>
      <line num="20" count="0" type="stmt"/>
      <line num="21" count="0" type="cond" truecount="0" falsecount="2"/>
      <line num="22" count="0" type="stmt"/>
      <line num="25" count="0" type="stmt"/>
      <line num="32" count="1" type="stmt"/>
      <line num="33" count="1" type="cond" truecount="1" falsecount="1"/>
      <line num="34" count="1" type="stmt"/>
      <line num="36" count="1" type="cond" truecount="1" falsecount="1"/>
      <line num="37" count="0" type="stmt"/>
      <line num="40" count="1" type="stmt"/>
    </file>
  </project>
</coverage>
