TN:
SF:util/validators.js
FN:1,validateRegisterInput
FN:31,validateLoginInput
FNF:2
FNH:1
FNDA:0,validateRegisterInput
FNDA:1,validateLoginInput
DA:7,0
DA:8,0
DA:9,0
DA:11,0
DA:12,0
DA:14,0
DA:15,0
DA:16,0
DA:19,0
DA:20,0
DA:21,0
DA:22,0
DA:25,0
DA:32,1
DA:33,1
DA:34,1
DA:36,1
DA:37,0
DA:40,1
LF:19
LH:5
BRDA:8,0,0,0
BRDA:8,0,1,0
BRDA:11,1,0,0
BRDA:11,1,1,0
BRDA:15,2,0,0
BRDA:15,2,1,0
BRDA:19,3,0,0
BRDA:19,3,1,0
BRDA:21,4,0,0
BRDA:21,4,1,0
BRDA:33,5,0,1
BRDA:33,5,1,0
BRDA:36,6,0,0
BRDA:36,6,1,1
BRF:14
BRH:2
end_of_record
